<?xml version="1.0" encoding="UTF-8"?>
<testng-results ignored="0" total="1" passed="1" failed="0" skipped="0">
  <reporter-output>
  </reporter-output>
  <suite started-at="2024-11-24T23:41:53 WEST" name="Default suite" finished-at="2024-11-24T23:41:53 WEST" duration-ms="49">
    <groups>
    </groups>
    <test started-at="2024-11-24T23:41:53 WEST" name="Default test" finished-at="2024-11-24T23:41:53 WEST" duration-ms="49">
      <class name="pckg.Streams">
        <test-method signature="streamAssignment()[pri:0, instance:pckg.Streams@f58853c]" started-at="2024-11-24T23:41:53 WEST" name="streamAssignment" finished-at="2024-11-24T23:41:53 WEST" duration-ms="11" status="PASS">
          <reporter-output>
          </reporter-output>
        </test-method> <!-- streamAssignment -->
      </class> <!-- pckg.Streams -->
    </test> <!-- Default test -->
  </suite> <!-- Default suite -->
</testng-results>
